<?xml version="1.0" encoding="UTF-8"?>
<!-- Generated by org.testng.reporters.JUnitReportReporter -->
<testsuite hostname="Wamiq" failures="0" tests="3" name="com.myStore.testcases.Testcase_MyAccountPage" time="9.481" errors="0" timestamp="2024-09-27T17:26:48 IST" skipped="1">
  <testcase classname="com.myStore.testcases.Testcase_MyAccountPage" name="verifyLoginW" time="3.888"/>
  <testcase classname="com.myStore.testcases.Testcase_MyAccountPage" name="verifySignOut" time="5.593"/>
  <testcase classname="com.myStore.testcases.Testcase_MyAccountPage" name="VerifyRegistrationAndLogin">
    <skipped/>
  </testcase> <!-- VerifyRegistrationAndLogin -->
</testsuite> <!-- com.myStore.testcases.Testcase_MyAccountPage -->
