<?xml version="1.0" encoding="UTF-8"?>
<!-- Generated by org.testng.reporters.JUnitReportReporter -->
<testsuite hostname="Wamiq" failures="0" tests="4" name="com.myStore.testcases.TC_ProductPageTest" time="43.812" errors="0" timestamp="2024-09-27T17:26:48 IST" skipped="1">
  <testcase classname="com.myStore.testcases.TC_ProductPageTest" name="addToCart" time="5.888"/>
  <testcase classname="com.myStore.testcases.TC_ProductPageTest" name="BuyProductAgain" time="36.056"/>
  <testcase classname="com.myStore.testcases.TC_ProductPageTest" name="addToWishListWithoutLogin" time="1.868"/>
  <testcase classname="com.myStore.testcases.TC_ProductPageTest" name="VerifyBuyProduct">
    <skipped/>
  </testcase> <!-- VerifyBuyProduct -->
</testsuite> <!-- com.myStore.testcases.TC_ProductPageTest -->
