<?xml version="1.0" encoding="UTF-8"?>
<!-- Generated by org.testng.reporters.JUnitReportReporter -->
<testsuite hostname="Wamiq" failures="0" tests="4" name="com.myStore.testcases.TC_ProductPageTest" time="35.912" errors="0" timestamp="2024-10-01T18:27:29 IST" skipped="1">
  <testcase classname="com.myStore.testcases.TC_ProductPageTest" name="BuyProductAgain" time="28.539"/>
  <testcase classname="com.myStore.testcases.TC_ProductPageTest" name="addToWishListWithoutLogin" time="1.807"/>
  <testcase classname="com.myStore.testcases.TC_ProductPageTest" name="addToCart" time="5.566"/>
  <testcase classname="com.myStore.testcases.TC_ProductPageTest" name="VerifyBuyProduct">
    <skipped/>
  </testcase> <!-- VerifyBuyProduct -->
</testsuite> <!-- com.myStore.testcases.TC_ProductPageTest -->
